<?xml version="1.0" encoding="UTF-8"?>
<testsuite xmlns:xsi="http://www.w3.org/2001/XMLSchema-instance" xsi:noNamespaceSchemaLocation="https://maven.apache.org/surefire/maven-surefire-plugin/xsd/surefire-test-report.xsd" name="RadioTest" time="0.097" tests="3" errors="0" skipped="0" failures="0">
  <properties>
[...]
</properties>
  <testcase name="setCurrentRadioStationNumber" classname="RadioTest" time="0.071"/>
  <testcase name="decreaseVolumeTest" classname="RadioTest" time="0"/>
  <testcase name="increaseVolumeTest" classname="RadioTest" time="0.002"/>
</testsuite>