<?xml version="1.0" encoding="UTF-8"?>
<testsuite xmlns:xsi="http://www.w3.org/2001/XMLSchema-instance" xsi:noNamespaceSchemaLocation="https://maven.apache.org/surefire/maven-surefire-plugin/xsd/surefire-test-report.xsd" name="RadioTest" time="0.047" tests="5" errors="0" skipped="0" failures="0">
  <properties>
[...]
</properties>
  <testcase name="decreaseVolumeTest" classname="RadioTest" time="0.047"/>
  <testcase name="CurrentRadioStationNumber2" classname="RadioTest" time="0"/>
  <testcase name="CurrentRadioStationNumber" classname="RadioTest" time="0"/>
  <testcase name="increaseVolumeTest" classname="RadioTest" time="0"/>
  <testcase name="TestToturnOnTheSelectedStation" classname="RadioTest" time="0"/>
</testsuite>